
systick.elf:     file format elf32-littlearm
systick.elf
architecture: arm, flags 0x00000112:
EXEC_P, HAS_SYMS, D_PAGED
start address 0x080000f1

Program Header:
    LOAD off    0x00008000 vaddr 0x08000000 paddr 0x08000000 align 2**15
         filesz 0x0000022c memsz 0x0000022c flags r-x
private flags = 5000202: [Version5 EABI] [soft-float ABI] [has entry point]

Sections:
Idx Name          Size      VMA       LMA       File off  Algn
  0 .text         0000022c  08000000  08000000  00008000  2**2
                  CONTENTS, ALLOC, LOAD, READONLY, CODE
  1 .comment      0000001f  00000000  00000000  0000822c  2**0
                  CONTENTS, READONLY
  2 .ARM.attributes 00000033  00000000  00000000  0000824b  2**0
                  CONTENTS, READONLY
SYMBOL TABLE:
08000000 l    d  .text	00000000 .text
00000000 l    d  .comment	00000000 .comment
00000000 l    d  .ARM.attributes	00000000 .ARM.attributes
00000000 l    df *ABS*	00000000 systick.c
00000000 l    df *ABS*	00000000 
08000040 g     F .text	0000003c systick_handler
0800007c g     F .text	00000074 init_systick
08000000 g     O .text	00000040 vector_table
080000f0 g     F .text	00000104 main
080001f4 g     F .text	00000036 delay_ms



Disassembly of section .text:

08000000 <vector_table>:
 8000000:	00 80 00 20 f1 00 00 08 00 00 00 00 00 00 00 00     ... ............
	...
 800003c:	41 00 00 08                                         A...

08000040 <systick_handler>:
 8000040:	b480      	push	{r7}
 8000042:	af00      	add	r7, sp, #0
 8000044:	f44f 53c0 	mov.w	r3, #6144	; 0x1800
 8000048:	f2c4 0301 	movt	r3, #16385	; 0x4001
 800004c:	f44f 52c0 	mov.w	r2, #6144	; 0x1800
 8000050:	f2c4 0201 	movt	r2, #16385	; 0x4001
 8000054:	68d2      	ldr	r2, [r2, #12]
 8000056:	f482 4280 	eor.w	r2, r2, #16384	; 0x4000
 800005a:	60da      	str	r2, [r3, #12]
 800005c:	f44f 53a0 	mov.w	r3, #5120	; 0x1400
 8000060:	f2c4 0301 	movt	r3, #16385	; 0x4001
 8000064:	f44f 52a0 	mov.w	r2, #5120	; 0x1400
 8000068:	f2c4 0201 	movt	r2, #16385	; 0x4001
 800006c:	68d2      	ldr	r2, [r2, #12]
 800006e:	f082 0202 	eor.w	r2, r2, #2
 8000072:	60da      	str	r2, [r3, #12]
 8000074:	46bd      	mov	sp, r7
 8000076:	f85d 7b04 	ldr.w	r7, [sp], #4
 800007a:	4770      	bx	lr

0800007c <init_systick>:
 800007c:	b480      	push	{r7}
 800007e:	b083      	sub	sp, #12
 8000080:	af00      	add	r7, sp, #0
 8000082:	6078      	str	r0, [r7, #4]
 8000084:	460b      	mov	r3, r1
 8000086:	70fb      	strb	r3, [r7, #3]
 8000088:	f24e 0310 	movw	r3, #57360	; 0xe010
 800008c:	f2ce 0300 	movt	r3, #57344	; 0xe000
 8000090:	f24e 0210 	movw	r2, #57360	; 0xe010
 8000094:	f2ce 0200 	movt	r2, #57344	; 0xe000
 8000098:	6812      	ldr	r2, [r2, #0]
 800009a:	601a      	str	r2, [r3, #0]
 800009c:	f24e 0310 	movw	r3, #57360	; 0xe010
 80000a0:	f2ce 0300 	movt	r3, #57344	; 0xe000
 80000a4:	f24e 0210 	movw	r2, #57360	; 0xe010
 80000a8:	f2ce 0200 	movt	r2, #57344	; 0xe000
 80000ac:	6811      	ldr	r1, [r2, #0]
 80000ae:	78fa      	ldrb	r2, [r7, #3]
 80000b0:	0052      	lsls	r2, r2, #1
 80000b2:	430a      	orrs	r2, r1
 80000b4:	601a      	str	r2, [r3, #0]
 80000b6:	f24e 0310 	movw	r3, #57360	; 0xe010
 80000ba:	f2ce 0300 	movt	r3, #57344	; 0xe000
 80000be:	687a      	ldr	r2, [r7, #4]
 80000c0:	605a      	str	r2, [r3, #4]
 80000c2:	f24e 0310 	movw	r3, #57360	; 0xe010
 80000c6:	f2ce 0300 	movt	r3, #57344	; 0xe000
 80000ca:	2200      	movs	r2, #0
 80000cc:	609a      	str	r2, [r3, #8]
 80000ce:	f24e 0310 	movw	r3, #57360	; 0xe010
 80000d2:	f2ce 0300 	movt	r3, #57344	; 0xe000
 80000d6:	f24e 0210 	movw	r2, #57360	; 0xe010
 80000da:	f2ce 0200 	movt	r2, #57344	; 0xe000
 80000de:	6812      	ldr	r2, [r2, #0]
 80000e0:	f042 0201 	orr.w	r2, r2, #1
 80000e4:	601a      	str	r2, [r3, #0]
 80000e6:	370c      	adds	r7, #12
 80000e8:	46bd      	mov	sp, r7
 80000ea:	f85d 7b04 	ldr.w	r7, [sp], #4
 80000ee:	4770      	bx	lr

080000f0 <main>:
 80000f0:	b580      	push	{r7, lr}
 80000f2:	af00      	add	r7, sp, #0
 80000f4:	f44f 5380 	mov.w	r3, #4096	; 0x1000
 80000f8:	f2c4 0302 	movt	r3, #16386	; 0x4002
 80000fc:	f44f 5280 	mov.w	r2, #4096	; 0x1000
 8000100:	f2c4 0202 	movt	r2, #16386	; 0x4002
 8000104:	6992      	ldr	r2, [r2, #24]
 8000106:	f042 0220 	orr.w	r2, r2, #32
 800010a:	619a      	str	r2, [r3, #24]
 800010c:	f44f 5380 	mov.w	r3, #4096	; 0x1000
 8000110:	f2c4 0302 	movt	r3, #16386	; 0x4002
 8000114:	f44f 5280 	mov.w	r2, #4096	; 0x1000
 8000118:	f2c4 0202 	movt	r2, #16386	; 0x4002
 800011c:	6992      	ldr	r2, [r2, #24]
 800011e:	f042 0240 	orr.w	r2, r2, #64	; 0x40
 8000122:	619a      	str	r2, [r3, #24]
 8000124:	f44f 53a0 	mov.w	r3, #5120	; 0x1400
 8000128:	f2c4 0301 	movt	r3, #16385	; 0x4001
 800012c:	f44f 52a0 	mov.w	r2, #5120	; 0x1400
 8000130:	f2c4 0201 	movt	r2, #16385	; 0x4001
 8000134:	6812      	ldr	r2, [r2, #0]
 8000136:	f022 02f0 	bic.w	r2, r2, #240	; 0xf0
 800013a:	601a      	str	r2, [r3, #0]
 800013c:	f44f 53a0 	mov.w	r3, #5120	; 0x1400
 8000140:	f2c4 0301 	movt	r3, #16385	; 0x4001
 8000144:	f44f 52a0 	mov.w	r2, #5120	; 0x1400
 8000148:	f2c4 0201 	movt	r2, #16385	; 0x4001
 800014c:	6812      	ldr	r2, [r2, #0]
 800014e:	f042 0220 	orr.w	r2, r2, #32
 8000152:	601a      	str	r2, [r3, #0]
 8000154:	f44f 53c0 	mov.w	r3, #6144	; 0x1800
 8000158:	f2c4 0301 	movt	r3, #16385	; 0x4001
 800015c:	f44f 52c0 	mov.w	r2, #6144	; 0x1800
 8000160:	f2c4 0201 	movt	r2, #16385	; 0x4001
 8000164:	6852      	ldr	r2, [r2, #4]
 8000166:	f022 6270 	bic.w	r2, r2, #251658240	; 0xf000000
 800016a:	605a      	str	r2, [r3, #4]
 800016c:	f44f 53c0 	mov.w	r3, #6144	; 0x1800
 8000170:	f2c4 0301 	movt	r3, #16385	; 0x4001
 8000174:	f44f 52c0 	mov.w	r2, #6144	; 0x1800
 8000178:	f2c4 0201 	movt	r2, #16385	; 0x4001
 800017c:	6852      	ldr	r2, [r2, #4]
 800017e:	f042 7200 	orr.w	r2, r2, #33554432	; 0x2000000
 8000182:	605a      	str	r2, [r3, #4]
 8000184:	f44f 53a0 	mov.w	r3, #5120	; 0x1400
 8000188:	f2c4 0301 	movt	r3, #16385	; 0x4001
 800018c:	f44f 52a0 	mov.w	r2, #5120	; 0x1400
 8000190:	f2c4 0201 	movt	r2, #16385	; 0x4001
 8000194:	68d2      	ldr	r2, [r2, #12]
 8000196:	60da      	str	r2, [r3, #12]
 8000198:	f44f 53c0 	mov.w	r3, #6144	; 0x1800
 800019c:	f2c4 0301 	movt	r3, #16385	; 0x4001
 80001a0:	f44f 52c0 	mov.w	r2, #6144	; 0x1800
 80001a4:	f2c4 0201 	movt	r2, #16385	; 0x4001
 80001a8:	68d2      	ldr	r2, [r2, #12]
 80001aa:	f442 4280 	orr.w	r2, r2, #16384	; 0x4000
 80001ae:	60da      	str	r2, [r3, #12]
 80001b0:	f44f 707a 	mov.w	r0, #1000	; 0x3e8
 80001b4:	2100      	movs	r1, #0
 80001b6:	f7ff ff61 	bl	800007c <init_systick>
 80001ba:	f44f 707a 	mov.w	r0, #1000	; 0x3e8
 80001be:	f000 f819 	bl	80001f4 <delay_ms>
 80001c2:	f44f 53c0 	mov.w	r3, #6144	; 0x1800
 80001c6:	f2c4 0301 	movt	r3, #16385	; 0x4001
 80001ca:	f44f 52c0 	mov.w	r2, #6144	; 0x1800
 80001ce:	f2c4 0201 	movt	r2, #16385	; 0x4001
 80001d2:	68d2      	ldr	r2, [r2, #12]
 80001d4:	f482 4280 	eor.w	r2, r2, #16384	; 0x4000
 80001d8:	60da      	str	r2, [r3, #12]
 80001da:	f44f 53a0 	mov.w	r3, #5120	; 0x1400
 80001de:	f2c4 0301 	movt	r3, #16385	; 0x4001
 80001e2:	f44f 52a0 	mov.w	r2, #5120	; 0x1400
 80001e6:	f2c4 0201 	movt	r2, #16385	; 0x4001
 80001ea:	68d2      	ldr	r2, [r2, #12]
 80001ec:	f082 0202 	eor.w	r2, r2, #2
 80001f0:	60da      	str	r2, [r3, #12]
 80001f2:	e7e2      	b.n	80001ba <main+0xca>

080001f4 <delay_ms>:
 80001f4:	b480      	push	{r7}
 80001f6:	b083      	sub	sp, #12
 80001f8:	af00      	add	r7, sp, #0
 80001fa:	6078      	str	r0, [r7, #4]
 80001fc:	687b      	ldr	r3, [r7, #4]
 80001fe:	e00c      	b.n	800021a <delay_ms+0x26>
 8000200:	bf00      	nop
 8000202:	f24e 0310 	movw	r3, #57360	; 0xe010
 8000206:	f2ce 0300 	movt	r3, #57344	; 0xe000
 800020a:	681b      	ldr	r3, [r3, #0]
 800020c:	f403 3380 	and.w	r3, r3, #65536	; 0x10000
 8000210:	2b00      	cmp	r3, #0
 8000212:	d0f6      	beq.n	8000202 <delay_ms+0xe>
 8000214:	687b      	ldr	r3, [r7, #4]
 8000216:	3b01      	subs	r3, #1
 8000218:	607b      	str	r3, [r7, #4]
 800021a:	687b      	ldr	r3, [r7, #4]
 800021c:	2b00      	cmp	r3, #0
 800021e:	d1ef      	bne.n	8000200 <delay_ms+0xc>
 8000220:	370c      	adds	r7, #12
 8000222:	46bd      	mov	sp, r7
 8000224:	f85d 7b04 	ldr.w	r7, [sp], #4
 8000228:	4770      	bx	lr
 800022a:	bf00      	nop
